{
  "RSpec": {
    "coverage": {
      "/Users/sbell/Documents/Makers/tech-tests/Bank-TT/spec/account_spec.rb": {
        "lines": [
          null,
          null,
          1,
          null,
          1,
          8,
          null,
          1,
          1,
          null,
          null,
          1,
          1,
          null,
          null,
          1,
          1,
          1,
          1,
          null,
          null,
          1,
          1,
          1,
          null,
          null,
          null,
          1,
          1,
          3,
          null,
          null,
          1,
          1,
          1,
          null,
          null,
          1,
          1,
          1,
          null,
          null,
          1,
          2,
          null,
          null,
          null,
          1,
          1,
          2,
          2,
          1,
          1,
          1,
          1,
          null,
          null
        ]
      },
      "/Users/sbell/Documents/Makers/tech-tests/Bank-TT/lib/account.rb": {
        "lines": [
          null,
          null,
          1,
          null,
          1,
          1,
          null,
          1,
          12,
          12,
          12,
          null,
          null,
          1,
          11,
          11,
          null,
          null,
          1,
          9,
          8,
          8,
          null,
          null,
          1,
          null,
          1,
          9,
          null,
          null,
          1,
          38,
          null,
          null,
          1,
          19,
          11,
          null,
          8,
          null,
          null,
          null
        ]
      },
      "/Users/sbell/Documents/Makers/tech-tests/Bank-TT/lib/transaction.rb": {
        "lines": [
          null,
          null,
          1,
          null,
          1,
          1,
          null,
          1,
          21,
          21,
          21,
          21,
          null,
          null
        ]
      },
      "/Users/sbell/Documents/Makers/tech-tests/Bank-TT/spec/bank_feature_spec.rb": {
        "lines": [
          null,
          null,
          1,
          1,
          null,
          1,
          1,
          3,
          3,
          3,
          3,
          3,
          null,
          null,
          1,
          1,
          1,
          null,
          null,
          1,
          1,
          1,
          null,
          null,
          1,
          1,
          null,
          2,
          null,
          null
        ]
      },
      "/Users/sbell/Documents/Makers/tech-tests/Bank-TT/lib/statement.rb": {
        "lines": [
          null,
          null,
          1,
          null,
          1,
          1,
          null,
          1,
          5,
          null,
          null,
          1,
          3,
          null,
          null,
          1,
          null,
          1,
          3,
          3,
          4,
          4,
          4,
          null,
          3,
          null,
          null,
          1,
          8,
          null,
          null
        ]
      },
      "/Users/sbell/Documents/Makers/tech-tests/Bank-TT/spec/statement_spec.rb": {
        "lines": [
          null,
          null,
          1,
          1,
          null,
          1,
          1,
          1,
          2,
          null,
          null,
          1,
          1,
          1,
          1,
          null,
          1,
          1,
          null,
          1,
          2,
          null,
          null
        ]
      },
      "/Users/sbell/Documents/Makers/tech-tests/Bank-TT/spec/transaction_spec.rb": {
        "lines": [
          null,
          null,
          1,
          null,
          1,
          5,
          null,
          1,
          1,
          null,
          null,
          1,
          1,
          null,
          null,
          1,
          1,
          null,
          null,
          1,
          1,
          null,
          null
        ]
      }
    },
    "timestamp": 1587502359
  }
}
