{
  "RSpec": {
    "coverage": {
      "/Users/sbell/Documents/Makers/tech-tests/Bank-TT/spec/account_spec.rb": {
        "lines": [
          null,
          null,
          1,
          null,
          1,
          null,
          3,
          null,
          1,
          1,
          null,
          null,
          1,
          1,
          null,
          null,
          null,
          null
        ]
      },
      "/Users/sbell/Documents/Makers/tech-tests/Bank-TT/lib/account.rb": {
        "lines": [
          null,
          null,
          1,
          1,
          null,
          1,
          2,
          2,
          null,
          null,
          null
        ]
      },
      "/Users/sbell/Documents/Makers/tech-tests/Bank-TT/spec/statement_spec.rb": {
        "lines": [

        ]
      },
      "/Users/sbell/Documents/Makers/tech-tests/Bank-TT/spec/transaction_spec.rb": {
        "lines": [

        ]
      }
    },
    "timestamp": 1587386199
  }
}
